c:\users\of913\onedrive\рабочий стол\4_4_3_3_git\proc\lab\lab\debug\vc142.pdb
c:\users\of913\onedrive\рабочий стол\4_4_3_3_git\proc\lab\lab\debug\vc142.idb
c:\users\of913\onedrive\рабочий стол\4_4_3_3_git\proc\lab\lab\debug\out_transport.obj
c:\users\of913\onedrive\рабочий стол\4_4_3_3_git\proc\lab\lab\debug\out_train.obj
c:\users\of913\onedrive\рабочий стол\4_4_3_3_git\proc\lab\lab\debug\out_container.obj
c:\users\of913\onedrive\рабочий стол\4_4_3_3_git\proc\lab\lab\debug\out_airplane.obj
c:\users\of913\onedrive\рабочий стол\4_4_3_3_git\proc\lab\lab\debug\lab.obj
c:\users\of913\onedrive\рабочий стол\4_4_3_3_git\proc\lab\lab\debug\in_transport.obj
c:\users\of913\onedrive\рабочий стол\4_4_3_3_git\proc\lab\lab\debug\in_train.obj
c:\users\of913\onedrive\рабочий стол\4_4_3_3_git\proc\lab\lab\debug\in_container.obj
c:\users\of913\onedrive\рабочий стол\4_4_3_3_git\proc\lab\lab\debug\in_airplane.obj
c:\users\of913\onedrive\рабочий стол\4_4_3_3_git\proc\lab\lab\debug\init_container.obj
c:\users\of913\onedrive\рабочий стол\4_4_3_3_git\proc\lab\lab\debug\clear_container.obj
c:\users\of913\onedrive\рабочий стол\4_4_3_3_git\proc\lab\debug\lab.ilk
c:\users\of913\onedrive\рабочий стол\4_4_3_3_git\proc\lab\debug\lab.exe
c:\users\of913\onedrive\рабочий стол\4_4_3_3_git\proc\lab\debug\lab.pdb
c:\users\of913\onedrive\рабочий стол\4_4_3_3_git\proc\lab\lab\debug\lab.tlog\cl.command.1.tlog
c:\users\of913\onedrive\рабочий стол\4_4_3_3_git\proc\lab\lab\debug\lab.tlog\cl.read.1.tlog
c:\users\of913\onedrive\рабочий стол\4_4_3_3_git\proc\lab\lab\debug\lab.tlog\cl.write.1.tlog
c:\users\of913\onedrive\рабочий стол\4_4_3_3_git\proc\lab\lab\debug\lab.tlog\link.command.1.tlog
c:\users\of913\onedrive\рабочий стол\4_4_3_3_git\proc\lab\lab\debug\lab.tlog\link.read.1.tlog
c:\users\of913\onedrive\рабочий стол\4_4_3_3_git\proc\lab\lab\debug\lab.tlog\link.write.1.tlog
